<?xml version="1.0" encoding="UTF-8"?>
<!-- Generated by org.testng.reporters.JUnitReportReporter -->
<testsuite skipped="0" hostname="DELL-PC" name="Testcases.EnterPasswordTest" tests="1" failures="0" timestamp="08 Jun 2019 07:51:33 GMT" time="19.666" errors="0">
  <testcase name="EnterPasswordTest" time="19.666" classname="Testcases.EnterPasswordTest"/>
</testsuite> <!-- Testcases.EnterPasswordTest -->
