<?xml version="1.0" encoding="UTF-8"?>
<!-- Generated by org.testng.reporters.JUnitReportReporter -->
<testsuite skipped="0" hostname="DELL-PC" name="Testcases.EnterPasswordTest" tests="1" failures="0" timestamp="08 Jun 2019 10:58:47 GMT" time="47.858" errors="0">
  <testcase name="EnterPasswordTest" time="47.858" classname="Testcases.EnterPasswordTest"/>
</testsuite> <!-- Testcases.EnterPasswordTest -->
