<?xml version="1.0" encoding="UTF-8"?>
<!-- Generated by org.testng.reporters.JUnitReportReporter -->
<testsuite skipped="0" hostname="DELL-PC" name="Testcases.EnterEmailTest" tests="1" failures="0" timestamp="08 Jun 2019 07:51:33 GMT" time="18.861" errors="0">
  <testcase name="enterTheEmailTest" time="18.861" classname="Testcases.EnterEmailTest"/>
</testsuite> <!-- Testcases.EnterEmailTest -->
