<?xml version="1.0" encoding="UTF-8"?>
<!-- Generated by org.testng.reporters.JUnitReportReporter -->
<testsuite skipped="0" hostname="DELL-PC" name="Testcases.HomePageSigninTest" tests="2" failures="0" timestamp="08 Jun 2019 07:51:33 GMT" time="28.507" errors="0">
  <testcase name="verifyAmazonLogoTest" time="13.912" classname="Testcases.HomePageSigninTest"/>
  <testcase name="clickOnLoginLinkTest" time="14.595" classname="Testcases.HomePageSigninTest"/>
</testsuite> <!-- Testcases.HomePageSigninTest -->
