<?xml version="1.0" encoding="UTF-8"?>
<!-- Generated by org.testng.reporters.JUnitReportReporter -->
<testsuite skipped="0" hostname="DELL-PC" name="Testcases.EnterPasswordTest" tests="1" failures="0" timestamp="10 Jun 2019 18:06:34 GMT" time="22.926" errors="0">
  <testcase name="EnterPasswordTest" time="22.926" classname="Testcases.EnterPasswordTest"/>
</testsuite> <!-- Testcases.EnterPasswordTest -->
