<?xml version="1.0" encoding="UTF-8"?>
<!-- Generated by org.testng.reporters.JUnitReportReporter -->
<testsuite skipped="0" hostname="DELL-PC" name="Testcases.HomePageSigninTest" tests="2" failures="0" timestamp="10 Jun 2019 18:06:34 GMT" time="25.897" errors="0">
  <testcase name="verifyAmazonLogoTest" time="13.768" classname="Testcases.HomePageSigninTest"/>
  <testcase name="clickOnLoginLinkTest" time="12.129" classname="Testcases.HomePageSigninTest"/>
</testsuite> <!-- Testcases.HomePageSigninTest -->
